2023-08-04 15:44:34,799 [INFO] Server start
Interval: 5m
Server: localhost:3307
Username: root
Password: ****
DB_NAME: BK
Table_name: ip
Table_name_whois: whois
2023-08-04 15:48:14,376 [INFO] Server start
Interval: 5m
Server: localhost:3307
Username: root
Password: ****
DB_NAME: BK
Table_name: ip
Table_name_whois: whois
2023-08-04 16:05:20,527 [INFO] Server start
Interval: 5m
Server: localhost:3307
Username: root
Password: ****
DB_NAME: BK
Table_name: ip
Table_name_whois: whois
2023-08-04 16:05:20,583 [INFO] Start DomainResolver
2023-08-04 16:12:50,887 [INFO] Server start
Interval: 5m
Server: localhost:3307
Username: root
Password: ****
DB_NAME: BK
Table_name: ip
Table_name_whois: whois
2023-08-04 16:12:53,551 [INFO] Start updating DB...
2023-08-04 16:13:09,073 [INFO] The function is called to get ip by hostnames
2023-08-04 16:14:16,849 [INFO] End updating DB...
2023-08-04 16:19:16,856 [INFO] Start updating DB...
2023-08-04 16:20:50,509 [INFO] End updating DB...
2023-08-04 16:21:18,320 [INFO] The function is called to get hostnames by ip
2023-08-04 16:31:05,869 [INFO] Server start
Interval: 5m
Server: localhost:3307
Username: root
Password: ****
DB_NAME: BK
Table_name: ip
Table_name_whois: whois
2023-08-04 16:31:08,513 [INFO] Start updating DB...
2023-08-04 16:31:13,059 [INFO] Request get_ip_by_fqdn received
2023-08-04 16:31:13,066 [INFO] Function was called to get ip by hostnames
2023-08-04 16:45:58,893 [INFO] Server start
Interval: 5m
Server: localhost:3307
Username: root
Password: ****
DB_NAME: BK
Table_name: ip
Table_name_whois: whois
2023-08-04 16:46:01,866 [INFO] Start updating DB...
2023-08-04 16:46:04,073 [INFO] Wrong request received
2023-08-04 16:46:20,325 [INFO] Wrong request received
2023-08-04 16:49:05,804 [INFO] Server start
Interval: 5m
Server: localhost:3307
Username: root
Password: ****
DB_NAME: BK
Table_name: ip
Table_name_whois: whois
2023-08-04 16:49:08,425 [INFO] Start updating DB...
2023-08-04 16:49:17,436 [INFO] Wrong request received
2023-08-04 16:50:46,706 [INFO] Server start
Interval: 5m
Server: localhost:3307
Username: root
Password: ****
DB_NAME: BK
Table_name: ip
Table_name_whois: whois
2023-08-04 16:50:49,643 [INFO] Start updating DB...
2023-08-04 16:50:51,613 [INFO] Request get_ip_by_fqdn received
2023-08-04 16:50:51,616 [INFO] Function was called to get ip by hostnames
2023-08-04 16:52:40,466 [INFO] Server start
Interval: 5m
Server: localhost:3307
Username: root
Password: ****
DB_NAME: BK
Table_name: ip
Table_name_whois: whois
2023-08-04 16:52:43,586 [INFO] Start updating DB...
2023-08-04 16:52:45,598 [INFO] Request get_ip_by_fqdn received
2023-08-04 16:52:45,605 [INFO] Function was called to get ip by hostnames
2023-08-04 16:52:52,782 [INFO] Wrong request received
2023-08-04 16:53:03,125 [INFO] Wrong request received
2023-08-04 16:53:09,987 [INFO] Request get_ip_by_fqdn received
2023-08-04 16:53:09,989 [INFO] Function was called to get ip by hostnames
2023-08-04 17:42:32,741 [INFO] Server start
Interval: 5m
Server: localhost:3307
Username: root
Password: ****
DB_NAME: BK
Table_name: ip
Table_name_whois: whois
2023-08-04 17:42:35,424 [INFO] Start updating DB...
2023-08-04 17:42:53,581 [INFO] Server start
Interval: 5m
Server: localhost:3307
Username: root
Password: ****
DB_NAME: BK
Table_name: ip
Table_name_whois: whois
2023-08-04 17:42:56,222 [INFO] Start updating DB...
2023-08-04 17:44:09,230 [INFO] End updating DB...
2023-08-04 17:47:18,298 [INFO] Server start
Interval: 5m
Server: localhost:3307
Username: root
Password: ****
DB_NAME: BK
Table_name: ip
Table_name_whois: whois
2023-08-04 17:47:20,994 [INFO] Start updating DB...
2023-08-04 17:48:15,612 [INFO] End updating DB...
2023-08-04 17:53:52,854 [INFO] Server start
Interval: 5m
Server: localhost:3307
Username: root
Password: ****
DB_NAME: BK
Table_name: ip
Table_name_whois: whois
2023-08-04 17:53:54,966 [INFO] Start updating DB...
2023-08-04 17:56:27,133 [INFO] Server start
Interval: 5m
Server: localhost:3307
Username: root
Password: ****
DB_NAME: BK
Table_name: ip
Table_name_whois: whois
2023-08-04 17:57:24,814 [INFO] Server start
Interval: 5m
Server: localhost:3307
Username: root
Password: ****
DB_NAME: BK
Table_name: ip
Table_name_whois: whois
2023-08-04 17:58:08,301 [INFO] Server start
Interval: 5m
Server: localhost:3307
Username: root
Password: ****
DB_NAME: BK
Table_name: ip
Table_name_whois: whois
2023-08-04 18:00:33,614 [INFO] Server start
Interval: 5m
Server: localhost:3307
Username: root
Password: ****
DB_NAME: BK
Table_name: ip
Table_name_whois: whois
2023-08-04 18:07:15,286 [INFO] Server start
Interval: 5m
Server: localhost:3307
Username: root
Password: ****
DB_NAME: BK
Table_name: ip
Table_name_whois: whois
2023-08-04 18:07:43,131 [INFO] Server start
Interval: 5m
Server: localhost:3307
Username: root
Password: ****
DB_NAME: BK
Table_name: ip
Table_name_whois: whois
2023-08-04 18:07:43,237 [INFO] Start updating DB...
2023-08-04 18:26:01,385 [ERROR] Error getting environment parameter (SERVER)
2023-08-04 18:27:11,310 [ERROR] Error getting environment parameter (INTERVAL)
2023-08-04 18:29:08,464 [ERROR] Error getting environment parameter (INTERVAL)
2023-08-04 18:32:16,480 [ERROR] Error getting environment parameter (INTERVAL)
2023-08-04 18:33:17,015 [ERROR] Error getting environment parameter (INTERVAL)
2023-08-04 18:34:54,129 [ERROR] Error getting environment parameter (INTERVAL)
2023-08-04 18:35:15,108 [ERROR] Error getting environment parameter (SERVER)
2023-08-04 18:36:33,327 [INFO] Server start
Interval: 5m
Server: localhost:3307
Username: root
Password: ****
DB_NAME: BK
Table_name: ip
Table_name_whois: whois
2023-08-04 18:36:33,433 [INFO] Start updating DB...
2023-08-04 18:37:20,865 [INFO] Server start
Interval: 5m
Server: localhost:3307
Username: root
Password: ****
DB_NAME: BK
Table_name: ip
Table_name_whois: whois
2023-08-04 18:37:20,968 [INFO] Start updating DB...
2023-08-04 18:37:42,742 [INFO] Server start
Interval: 5m
Server: localhost:3307
Username: root
Password: ****
DB_NAME: BK
Table_name: ip
Table_name_whois: whois
2023-08-04 18:37:42,834 [INFO] Start updating DB...
2023-08-04 18:38:18,229 [INFO] Server start
Interval: 5m
Server: localhost:3307
Username: root
Password: ****
DB_NAME: BK
Table_name: ip
Table_name_whois: whois
2023-08-04 18:38:18,286 [INFO] Start updating DB...
2023-08-04 18:38:31,860 [INFO] Request get_ip_by_fqdn received
2023-08-04 18:38:31,860 [INFO] Function was called to get ip by hostnames
2023-08-04 18:38:43,392 [INFO] Request get_hostname_history received
2023-08-04 18:38:43,392 [INFO] Function was called to get history by hostname
2023-08-04 18:38:43,407 [INFO] Function was called to get history by hostname
2023-08-04 18:38:43,433 [INFO] Function was called to get history by hostname
2023-08-04 18:39:52,694 [INFO] Server start
Interval: 5m
Server: localhost:3307
Username: root
Password: ****
DB_NAME: serv
Table_name: ip
Table_name_whois: whois
2023-08-04 18:39:52,728 [INFO] Start updating DB...
2023-08-04 18:39:52,729 [INFO] End updating DB...
2023-08-04 18:41:59,398 [INFO] Server start
Interval: 5m
Server: localhost:3307
Username: root
Password: ****
DB_NAME: serv
Table_name: ip
Table_name_whois: whois
2023-08-04 18:41:59,434 [INFO] Start updating DB...
2023-08-04 18:41:59,435 [INFO] End updating DB...
2023-08-04 18:42:54,808 [INFO] Server start
Interval: 5m
Server: localhost:3307
Username: root
Password: ****
DB_NAME: serv
Table_name: ip
Table_name_whois: whois
2023-08-04 18:42:54,840 [INFO] Start updating DB...
2023-08-04 18:42:54,841 [INFO] End updating DB...
2023-08-04 18:43:58,778 [INFO] Server start
Interval: 5m
Server: localhost:3307
Username: root
Password: ****
DB_NAME: serv
Table_name: ip
Table_name_whois: whois
2023-08-04 18:44:53,055 [INFO] Server start
Interval: 5m
Server: localhost:3307
Username: root
Password: ****
DB_NAME: serv
Table_name: ip
Table_name_whois: whois
2023-08-04 18:46:14,210 [INFO] Server start
Interval: 5m
Server: localhost:3307
Username: root
Password: ****
DB_NAME: serv
Table_name: ip
Table_name_whois: whois
2023-08-04 18:46:14,417 [INFO] Start updating DB...
2023-08-04 18:46:14,418 [INFO] End updating DB...
2023-08-04 18:47:20,364 [INFO] Server start
Interval: 5m
Server: localhost:3307
Username: root
Password: ****
DB_NAME: serv
Table_name: ip
Table_name_whois: whois
2023-08-04 18:47:20,491 [INFO] Start updating DB...
2023-08-04 18:47:20,494 [INFO] End updating DB...
2023-08-04 18:47:43,998 [INFO] Request get_whois_info received
2023-08-04 18:47:55,980 [INFO] Request get_ip_by_fqdn received
2023-08-04 18:47:55,980 [INFO] Function was called to get ip by hostnames
2023-08-04 18:52:20,494 [INFO] Start updating DB...
2023-08-04 18:52:20,553 [INFO] End updating DB...
2023-08-04 18:57:20,560 [INFO] Start updating DB...
2023-08-04 18:57:20,706 [INFO] End updating DB...
2023-08-04 20:41:32,817 [INFO] Server start
Interval: 5m
Server: localhost:3307
Username: root
Password: ****
DB_NAME: serv
Table_name: ip
Table_name_whois: whois
2023-08-04 20:41:32,895 [INFO] Start updating DB...
2023-08-04 20:41:33,021 [INFO] End updating DB...
2023-08-04 20:43:24,084 [INFO] Request get_ip_by_fqdn received
2023-08-04 20:43:24,084 [INFO] Function was called to get ip by hostnames
2023-08-04 20:43:42,648 [INFO] Request get_ip_by_fqdn received
2023-08-04 20:43:42,648 [INFO] Function was called to get ip by hostnames
2023-08-04 20:46:33,022 [INFO] Start updating DB...
2023-08-04 20:46:33,068 [INFO] End updating DB...
2023-08-04 20:51:33,069 [INFO] Start updating DB...
2023-08-04 20:51:33,184 [INFO] End updating DB...
2023-08-04 20:53:25,715 [INFO] Request get_hostname_history received
2023-08-04 20:53:25,715 [INFO] Function was called to get history by hostname
2023-08-04 20:53:25,717 [INFO] Function was called to get history by hostname
2023-08-04 20:53:25,718 [INFO] Function was called to get history by hostname
2023-08-04 20:56:33,184 [INFO] Start updating DB...
2023-08-04 20:56:33,316 [INFO] End updating DB...
2023-08-04 21:01:33,322 [INFO] Start updating DB...
2023-08-04 21:01:33,483 [INFO] End updating DB...
2023-08-04 21:06:33,484 [INFO] Start updating DB...
2023-08-04 21:06:33,620 [INFO] End updating DB...
2023-08-04 21:11:33,621 [INFO] Start updating DB...
2023-08-04 21:11:33,710 [INFO] End updating DB...
2023-08-04 21:16:33,710 [INFO] Start updating DB...
2023-08-04 21:16:33,782 [INFO] End updating DB...
2023-08-04 21:38:09,694 [ERROR] Error getting environment parameter (INTERVAL)
2023-08-04 21:41:56,421 [ERROR] Error getting environment parameter (INTERVAL)
2023-08-04 21:43:13,310 [INFO] Server start
Interval: 5m
Server: localhost:3307
Username: root
Password: ****
DB_NAME: serv
Table_name: ip
Table_name_whois: whois
2023-08-04 21:43:13,502 [INFO] Start updating DB...
2023-08-04 21:43:13,763 [INFO] End updating DB...
2023-08-04 21:45:36,692 [INFO] Request get_hostname_history received
2023-08-04 21:45:36,693 [INFO] Function was called to get history by hostname
2023-08-04 21:45:36,694 [INFO] Function was called to get history by hostname
2023-08-04 21:45:36,696 [INFO] Function was called to get history by hostname
2023-08-04 21:50:14,317 [INFO] Server start
Interval: 5m
Server: localhost:3307
Username: root
Password: ****
DB_NAME: serv
Table_name: ip
Table_name_whois: whois
2023-08-04 21:50:14,471 [INFO] Start updating DB...
2023-08-04 21:50:14,529 [INFO] End updating DB...
2023-08-04 21:55:14,531 [INFO] Start updating DB...
2023-08-04 21:55:14,780 [INFO] End updating DB...
2023-08-04 22:00:14,780 [INFO] Start updating DB...
2023-08-04 22:00:14,832 [INFO] End updating DB...
2023-08-04 22:05:14,833 [INFO] Start updating DB...
2023-08-04 22:05:14,887 [INFO] End updating DB...
2023-08-04 22:10:14,893 [INFO] Start updating DB...
2023-08-04 22:10:14,951 [INFO] End updating DB...
2023-08-04 22:15:14,952 [INFO] Start updating DB...
2023-08-04 22:15:14,998 [INFO] End updating DB...
2023-08-04 22:20:14,998 [INFO] Start updating DB...
2023-08-04 22:20:15,057 [INFO] End updating DB...
2023-08-04 22:25:15,060 [INFO] Start updating DB...
2023-08-04 22:25:15,105 [INFO] End updating DB...
2023-08-04 22:30:15,108 [INFO] Start updating DB...
2023-08-04 22:30:15,355 [INFO] End updating DB...
2023-08-04 22:35:15,357 [INFO] Start updating DB...
2023-08-04 22:35:15,508 [INFO] End updating DB...
2023-08-04 22:40:15,509 [INFO] Start updating DB...
2023-08-04 22:40:15,812 [INFO] End updating DB...
2023-08-04 22:45:15,813 [INFO] Start updating DB...
2023-08-04 22:45:16,155 [INFO] End updating DB...
2023-08-04 22:50:16,155 [INFO] Start updating DB...
2023-08-04 22:50:16,210 [INFO] End updating DB...
2023-08-04 22:55:16,210 [INFO] Start updating DB...
2023-08-04 22:55:16,284 [INFO] End updating DB...
2023-08-04 23:00:16,292 [INFO] Start updating DB...
2023-08-04 23:00:16,396 [INFO] End updating DB...
2023-08-04 23:05:16,397 [INFO] Start updating DB...
2023-08-04 23:05:16,484 [INFO] End updating DB...
2023-08-04 23:10:16,484 [INFO] Start updating DB...
2023-08-04 23:10:16,569 [INFO] End updating DB...
2023-08-04 23:15:16,570 [INFO] Start updating DB...
2023-08-04 23:15:16,661 [INFO] End updating DB...
2023-08-04 23:19:31,149 [INFO] Server start
Interval: 5m
Server: localhost:3307
Username: root
Password: ****
DB_NAME: serv
Table_name: ip
Table_name_whois: whois
2023-08-04 23:19:31,235 [INFO] Start updating DB...
2023-08-04 23:19:31,275 [INFO] End updating DB...
2023-08-04 23:19:46,765 [INFO] Server start
Interval: 5m
Server: localhost:3307
Username: root
Password: ****
DB_NAME: BK
Table_name: ip
Table_name_whois: whois
2023-08-04 23:19:46,824 [INFO] Start updating DB...
2023-08-04 23:25:05,549 [INFO] Server start
Interval: 5m
Server: localhost:3307/api
Username: root
Password: ****
DB_NAME: BK
Table_name: ip
Table_name_whois: whois
2023-08-04 23:25:05,550 [ERROR] Could not connect to server. Error message: Can't connect to MySQL server on 'localhost:3306' (111)
2023-08-04 23:25:05,550 [ERROR] Could not connect to server. Error message: Can't connect to MySQL server on 'localhost:3306' (111)
2023-08-04 23:25:39,547 [INFO] Server start
Interval: 5m
Server: localhost:8080/api
Username: root
Password: ****
DB_NAME: BK
Table_name: ip
Table_name_whois: whois
2023-08-04 23:25:39,548 [ERROR] Could not connect to server. Error message: Can't connect to MySQL server on 'localhost:3306' (111)
2023-08-04 23:25:39,549 [ERROR] Could not connect to server. Error message: Can't connect to MySQL server on 'localhost:3306' (111)
2023-08-04 23:25:50,823 [INFO] Server start
Interval: 5m
Server: localhost:8080/api
Username: root
Password: ****
DB_NAME: BK
Table_name: ip
Table_name_whois: whois
2023-08-04 23:25:50,825 [ERROR] Could not connect to server. Error message: Can't connect to MySQL server on 'localhost:3306' (111)
2023-08-04 23:25:50,825 [ERROR] Could not connect to server. Error message: Can't connect to MySQL server on 'localhost:3306' (111)
2023-08-04 23:27:26,580 [INFO] Server start
Interval: 5m
Server: localhost:8080
Username: root
Password: ****
DB_NAME: BK
Table_name: ip
Table_name_whois: whois
2023-08-04 23:27:26,581 [ERROR] Could not connect to server. Error message: Can't connect to MySQL server on 'localhost:3306' (111)
2023-08-04 23:27:26,581 [ERROR] Could not connect to server. Error message: Can't connect to MySQL server on 'localhost:3306' (111)
2023-08-04 23:28:41,389 [INFO] Server start
Interval: 5m
Server: localhost:8080
Username: root
Password: ****
DB_NAME: BK
Table_name: ip
Table_name_whois: whois
2023-08-04 23:28:41,390 [ERROR] Could not connect to server. Error message: Can't connect to MySQL server on 'localhost:3306' (111)
2023-08-04 23:28:41,390 [ERROR] Could not connect to server. Error message: Can't connect to MySQL server on 'localhost:3306' (111)
2023-08-04 23:28:41,390 [INFO] Start updating DB...
2023-08-04 23:29:24,504 [INFO] Server start
Interval: 5m
Server: localhost:3306
Username: root
Password: ****
DB_NAME: BK
Table_name: ip
Table_name_whois: whois
2023-08-04 23:29:24,505 [ERROR] Could not connect to server. Error message: Can't connect to MySQL server on 'localhost:3306' (111)
2023-08-04 23:29:24,505 [ERROR] Could not connect to server. Error message: Can't connect to MySQL server on 'localhost:3306' (111)
2023-08-04 23:29:24,505 [INFO] Start updating DB...
2023-08-04 23:31:10,961 [INFO] Server start
Interval: 5m
Server: localhost:3306
Username: root
Password: ****
DB_NAME: BK
Table_name: ip
Table_name_whois: whois
2023-08-04 23:31:10,962 [ERROR] Could not connect to server. Error message: Can't connect to MySQL server on 'localhost:3306' (111)
2023-08-04 23:31:10,962 [ERROR] Could not connect to server. Error message: Can't connect to MySQL server on 'localhost:3306' (111)
2023-08-04 23:31:10,963 [INFO] Start updating DB...
2023-08-04 23:31:34,594 [INFO] Server start
Interval: 5m
Server: localhost:8080
Username: root
Password: ****
DB_NAME: BK
Table_name: ip
Table_name_whois: whois
2023-08-04 23:31:34,596 [ERROR] Could not connect to server. Error message: Can't connect to MySQL server on 'localhost:8080' (111)
2023-08-04 23:31:34,596 [ERROR] Could not connect to server. Error message: Can't connect to MySQL server on 'localhost:8080' (111)
2023-08-04 23:31:34,597 [INFO] Start updating DB...
2023-08-04 23:34:21,286 [INFO] Server start
Interval: 5m
Server: localhost:8080
Username: root
Password: ****
DB_NAME: BK
Table_name: ip
Table_name_whois: whois
2023-08-04 23:34:21,287 [ERROR] Could not connect to server. Error message: Can't connect to MySQL server on 'localhost:8080' (111)
2023-08-04 23:34:21,287 [ERROR] Could not connect to server. Error message: Can't connect to MySQL server on 'localhost:8080' (111)
2023-08-04 23:34:21,288 [INFO] Start updating DB...
2023-08-04 23:35:23,258 [INFO] Server start
Interval: 5m
Server: localhost:3306
Username: root
Password: ****
DB_NAME: BK
Table_name: ip
Table_name_whois: whois
2023-08-04 23:35:23,260 [ERROR] Could not connect to server. Error message: Can't connect to MySQL server on 'localhost:3306' (111)
2023-08-04 23:35:23,260 [ERROR] Could not connect to server. Error message: Can't connect to MySQL server on 'localhost:3306' (111)
2023-08-04 23:35:23,260 [INFO] Start updating DB...
2023-08-04 23:35:34,415 [INFO] Server start
Interval: 5m
Server: localhost:3306/
Username: root
Password: ****
DB_NAME: BK
Table_name: ip
Table_name_whois: whois
2023-08-04 23:35:34,417 [ERROR] Could not connect to server. Error message: Can't connect to MySQL server on 'localhost:3306' (111)
2023-08-04 23:35:34,417 [ERROR] Could not connect to server. Error message: Can't connect to MySQL server on 'localhost:3306' (111)
2023-08-04 23:35:34,417 [INFO] Start updating DB...
2023-08-04 23:37:26,445 [INFO] Server start
Interval: 5m
Server: localhost:3307
Username: root
Password: ****
DB_NAME: BK
Table_name: ip
Table_name_whois: whois
2023-08-04 23:37:26,529 [INFO] Start updating DB...
2023-08-04 23:43:49,642 [INFO] Server start
Interval: 5n
ServerBD: localhost:3307n
ServerREST: localhost:8080/api
Username: root
Password: ****
DB_NAME: BK
Table_name: ip
Table_name_whois: whois
2023-08-04 23:43:49,719 [INFO] Start updating DB...
2023-08-04 23:43:58,441 [INFO] Request get_hostname_history received
2023-08-04 23:43:58,442 [INFO] Function was called to get history by hostname
2023-08-04 23:43:58,456 [INFO] Function was called to get history by hostname
2023-08-04 23:43:58,469 [INFO] Function was called to get history by hostname
2023-08-04 23:44:09,455 [INFO] Request get_ip_by_fqdn received
2023-08-04 23:44:09,456 [INFO] Function was called to get ip by hostnames
2023-08-04 23:45:13,798 [INFO] End updating DB...
2023-08-04 23:46:32,286 [INFO] Server start
Interval: 5n
ServerBD: localhost:3307n
ServerREST: localhost:8080/api
Username: root
Password: ****
DB_NAME: BK
Table_name: ip
Table_name_whois: whois
2023-08-04 23:46:32,328 [INFO] Start updating DB...
2023-08-04 23:47:03,773 [INFO] Server start
Interval: 5n
ServerBD: localhost:3307n
ServerREST: localhost:8080/api
Username: root
Password: ****
DB_NAME: BK
Table_name: ip
Table_name_whois: whois
2023-08-04 23:47:03,830 [INFO] Start updating DB...
2023-08-04 23:47:06,705 [INFO] Server start
Interval: 5n
ServerBD: localhost:3307n
ServerREST: localhost:8080/api
Username: root
Password: ****
DB_NAME: BK
Table_name: ip
Table_name_whois: whois
2023-08-04 23:47:06,785 [INFO] Start updating DB...
2023-08-04 23:48:13,522 [INFO] Server start
Interval: 5n
ServerBD: localhost:3307n
ServerREST: localhost:8080/api
Username: root
Password: ****
DB_NAME: BK
Table_name: ip
Table_name_whois: whois
2023-08-04 23:48:13,578 [INFO] Start updating DB...
2023-08-04 23:50:03,524 [INFO] Server start
Interval: 5n
ServerBD: localhost:3307n
ServerREST: localhost:8080/api
Username: root
Password: ****
DB_NAME: BK
Table_name: ip
Table_name_whois: whois
2023-08-04 23:50:03,588 [INFO] Start updating DB...
2023-08-04 23:57:15,722 [INFO] Server start
Interval: 5n
ServerBD: localhost:3307n
ServerREST: localhost:8080/api
Username: root
Password: ****
DB_NAME: BK
Table_name: ip
Table_name_whois: whois
2023-08-04 23:57:15,789 [INFO] Start updating DB...
2023-08-04 23:58:27,922 [INFO] Server start
Interval: 5n
ServerBD: localhost:3307n
ServerREST: localhost:8080/api
Username: root
Password: ****
DB_NAME: BK
Table_name: ip
Table_name_whois: whois
2023-08-04 23:58:29,805 [INFO] Start updating DB...
2023-08-04 23:59:10,364 [INFO] Request get_ip_by_fqdn received
2023-08-04 23:59:10,371 [INFO] Function was called to get ip by hostnames
2023-08-04 23:59:28,900 [INFO] Request get_fqdn_by_ip received
2023-08-04 23:59:28,906 [INFO] function was called to get hostnames by ip
2023-08-05 00:00:00,897 [INFO] End updating DB...
2023-08-05 00:00:55,438 [INFO] Server start
Interval: 5n
ServerBD: localhost:3307n
ServerREST: localhost:8080/api
Username: root
Password: ****
DB_NAME: BK
Table_name: ip
Table_name_whois: whois
2023-08-05 00:00:55,518 [INFO] Start updating DB...
2023-08-05 00:01:56,434 [INFO] End updating DB...
2023-08-05 00:03:33,055 [INFO] Server start
Interval: 5n
ServerBD: localhost:3307n
ServerREST: localhost:8080/api
Username: root
Password: ****
DB_NAME: BK
Table_name: ip
Table_name_whois: whois
2023-08-05 00:05:50,853 [INFO] Server start
Interval: 5n
ServerBD: localhost:3307n
ServerREST: localhost:8080/api
Username: root
Password: ****
DB_NAME: BK
Table_name: ip
Table_name_whois: whois
2023-08-05 00:20:42,493 [INFO] Server start
Interval: 5n
ServerBD: localhost:3307n
ServerREST: localhost:8080/api
Username: root
Password: ****
DB_NAME: BK
Table_name: ip
Table_name_whois: whois
2023-08-05 00:20:42,613 [INFO] Start updating DB...
2023-08-05 00:21:06,530 [INFO] Server start
Interval: 5n
ServerBD: localhost:3307n
ServerREST: localhost:8080/api
Username: root
Password: ****
DB_NAME: BK
Table_name: ip
Table_name_whois: whois
2023-08-05 00:21:09,618 [INFO] Start updating DB...
2023-08-05 00:22:37,770 [INFO] Server start
Interval: 5n
ServerBD: localhost:3307n
ServerREST: localhost:8080/api
Username: root
Password: ****
DB_NAME: BK
Table_name: ip
Table_name_whois: whois
2023-08-05 00:22:37,887 [INFO] Start updating DB...
2023-08-05 00:23:12,674 [INFO] Server start
Interval: 5n
ServerBD: localhost:3307n
ServerREST: localhost:8080/api
Username: root
Password: ****
DB_NAME: BK
Table_name: ip
Table_name_whois: whois
2023-08-05 00:23:12,792 [INFO] Start updating DB...
2023-08-05 00:24:19,463 [INFO] Server start
Interval: 5n
ServerBD: localhost:3307n
ServerREST: localhost:8080/api
Username: root
Password: ****
DB_NAME: BK
Table_name: ip
Table_name_whois: whois
2023-08-05 00:24:19,567 [INFO] Start updating DB...
2023-08-05 00:25:08,576 [INFO] Request get_fqdn_by_ip received
2023-08-05 00:25:08,576 [INFO] function was called to get hostnames by ip
2023-08-05 00:25:20,839 [INFO] Request get_whois_info received
2023-08-05 00:25:28,367 [INFO] End updating DB...
2023-08-05 00:26:35,911 [INFO] Server start
Interval: 5n
ServerBD: localhost:3307n
ServerREST: localhost:8080/api
Username: root
Password: ****
DB_NAME: BK
Table_name: ip
Table_name_whois: whois
2023-08-05 00:26:36,030 [INFO] Start updating DB...
2023-08-05 00:26:44,319 [INFO] Request get_whois_info received
2023-08-05 00:27:02,972 [INFO] Server start
Interval: 5n
ServerBD: localhost:3307n
ServerREST: localhost:8080/api
Username: root
Password: ****
DB_NAME: BK
Table_name: ip
Table_name_whois: whois
2023-08-05 00:27:03,076 [INFO] Start updating DB...
2023-08-05 00:27:08,132 [INFO] Server start
Interval: 5n
ServerBD: localhost:3307n
ServerREST: localhost:8080/api
Username: root
Password: ****
DB_NAME: BK
Table_name: ip
Table_name_whois: whois
2023-08-05 00:27:08,242 [INFO] Start updating DB...
2023-08-05 00:27:58,704 [INFO] End updating DB...
2023-08-05 00:28:46,098 [INFO] Server start
Interval: 5n
ServerBD: localhost:3307n
ServerREST: localhost:8080/api
Username: root
Password: ****
DB_NAME: BK
Table_name: ip
Table_name_whois: whois
2023-08-05 00:28:46,193 [INFO] Start updating DB...
2023-08-05 00:28:52,119 [INFO] Request get_whois_info received
2023-08-05 00:28:53,566 [INFO] Request get_whois_info received
2023-08-05 00:29:48,914 [INFO] End updating DB...
2023-08-05 00:43:15,906 [INFO] Server start
Interval: 5
ServerBD: localhost:3307
ServerREST: localhost:8080/api
Username: root
Password: ****
DB_NAME: BK
Table_name: ip
Table_name_whois: whois
2023-08-05 00:43:16,023 [INFO] Start updating DB...
2023-08-05 00:43:25,614 [INFO] Server stop
2023-08-05 00:44:19,426 [INFO] Server start
Interval: 5
ServerBD: localhost:3307
ServerREST: localhost:8080/api
Username: root
Password: ****
DB_NAME: BK
Table_name: ip
Table_name_whois: whois
2023-08-05 00:44:19,529 [INFO] Start updating DB...
2023-08-05 00:44:26,593 [INFO] Server stop
2023-08-05 00:50:58,533 [INFO] Server start
Interval: 5
ServerBD: localhost:3307
ServerREST: localhost:8080/api
Username: root
Password: ****
DB_NAME: BK
Table_name: ip
Table_name_whois: whois
2023-08-05 00:50:58,657 [INFO] Start updating DB...
2023-08-05 00:51:05,381 [INFO] Server stop
2023-08-05 00:55:31,821 [INFO] Server start
Interval: 5
ServerBD: localhost:3307
ServerREST: localhost:8080/api
Username: root
Password: ****
DB_NAME: BK
Table_name: ip
Table_name_whois: whois
2023-08-05 00:55:31,904 [INFO] Start updating DB...
2023-08-05 00:55:42,266 [INFO] Server stop
2023-08-05 00:57:00,275 [INFO] Server start
Interval: 5
ServerBD: localhost:3307
ServerREST: localhost:8080/api
Username: root
Password: ****
DB_NAME: BK
Table_name: ip
Table_name_whois: whois
2023-08-05 00:57:02,355 [INFO] Start updating DB...
2023-08-05 00:57:12,583 [INFO] Server stop
2023-08-05 00:58:57,465 [INFO] Server start
Interval: 5
ServerBD: localhost:3307
ServerREST: localhost:8080/api
Username: root
Password: ****
DB_NAME: BK
Table_name: ip
Table_name_whois: whois
2023-08-05 00:58:59,843 [INFO] Start updating DB...
2023-08-05 00:59:03,516 [INFO] Request get_whois_info received
2023-08-05 00:59:11,124 [INFO] Request get_ip_by_fqdn received
2023-08-05 00:59:11,182 [INFO] Function was called to get ip by hostnames
2023-08-05 00:59:47,874 [INFO] Request get_ip_by_fqdn received
2023-08-05 00:59:47,875 [INFO] Function was called to get ip by hostnames
2023-08-05 01:00:43,121 [ERROR] SQL ERROR. Error message: Lost connection to MySQL server during query
2023-08-05 01:00:43,355 [ERROR] SQL ERROR. Error message: Lost connection to MySQL server during query
2023-08-05 01:00:43,356 [ERROR] SQL ERROR. Error message: Lost connection to MySQL server during query
2023-08-05 01:00:44,036 [ERROR] SQL ERROR. Error message: Lost connection to MySQL server during query
2023-08-05 01:00:44,043 [ERROR] SQL ERROR. Error message: Lost connection to MySQL server during query
2023-08-05 01:00:44,044 [ERROR] SQL ERROR. Error message: Lost connection to MySQL server during query
2023-08-05 01:00:44,135 [ERROR] SQL ERROR. Error message: Lost connection to MySQL server during query
2023-08-05 01:00:44,137 [ERROR] SQL ERROR. Error message: Lost connection to MySQL server during query
2023-08-05 01:00:44,174 [ERROR] SQL ERROR. Error message: Lost connection to MySQL server during query
2023-08-05 01:00:44,175 [ERROR] SQL ERROR. Error message: Lost connection to MySQL server during query
2023-08-05 01:00:43,342 [ERROR] SQL ERROR. Error message: Lost connection to MySQL server during query
2023-08-05 01:00:45,467 [ERROR] SQL ERROR. Error message: Lost connection to MySQL server during query
2023-08-05 01:00:45,469 [ERROR] SQL ERROR. Error message: Lost connection to MySQL server during query
2023-08-05 01:00:45,470 [ERROR] SQL ERROR. Error message: Lost connection to MySQL server during query
2023-08-05 01:00:45,472 [ERROR] SQL ERROR. Error message: Lost connection to MySQL server during query
2023-08-05 01:00:45,473 [ERROR] SQL ERROR. Error message: Lost connection to MySQL server during query
2023-08-05 01:00:58,572 [INFO] Server stop
2023-08-05 01:01:06,614 [INFO] Server start
Interval: 5
ServerBD: localhost:3307
ServerREST: localhost:8080/api
Username: root
Password: ****
DB_NAME: BK
Table_name: ip
Table_name_whois: whois
2023-08-05 01:01:06,721 [INFO] Start updating DB...
2023-08-05 01:01:16,365 [INFO] Request get_ip_by_fqdn received
2023-08-05 01:01:16,365 [INFO] Function was called to get ip by hostnames
2023-08-05 01:03:29,637 [INFO] Server start
Interval: 5
ServerBD: localhost:3307
ServerREST: localhost:8080/api
Username: root
Password: ****
DB_NAME: BK
Table_name: ip
Table_name_whois: whois
2023-08-05 01:03:29,751 [INFO] Start updating DB...
2023-08-05 01:03:39,311 [INFO] Request get_ip_by_fqdn received
2023-08-05 01:03:39,311 [INFO] Function was called to get ip by hostnames
2023-08-05 01:03:58,682 [INFO] Server stop
2023-08-05 01:04:06,269 [INFO] Server start
Interval: 5
ServerBD: localhost:3307
ServerREST: localhost:8080/api
Username: root
Password: ****
DB_NAME: BK
Table_name: ip
Table_name_whois: whois
2023-08-05 01:04:08,372 [INFO] Start updating DB...
2023-08-05 01:04:13,787 [INFO] Request get_ip_by_fqdn received
2023-08-05 01:04:13,799 [INFO] Function was called to get ip by hostnames
2023-08-05 01:04:23,749 [INFO] Request get_fqdn_by_ip received
2023-08-05 01:04:23,764 [INFO] function was called to get hostnames by ip
2023-08-05 01:04:34,460 [INFO] Request get_whois_info received
2023-08-05 01:04:42,960 [INFO] Request get_hostname_history received
2023-08-05 01:04:42,992 [INFO] Function was called to get history by hostname
2023-08-05 01:04:43,234 [INFO] Function was called to get history by hostname
2023-08-05 01:04:43,325 [INFO] Function was called to get history by hostname
2023-08-05 01:05:28,591 [INFO] End updating DB...
2023-08-05 01:05:46,545 [INFO] Server stop
2023-08-05 01:10:56,129 [INFO] Server start
Interval: 5
ServerBD: localhost:3307
ServerREST: localhost:8080/api
Username: root
Password: ****
DB_NAME: BK
Table_name: ip
Table_name_whois: whois
2023-08-05 01:10:58,216 [INFO] Start updating DB...
2023-08-05 01:11:34,500 [INFO] Server start
Interval: 5
ServerBD: localhost:3307
ServerREST: localhost:8080/api
Username: root
Password: ****
DB_NAME: BK
Table_name: ip
Table_name_whois: whois
2023-08-05 01:11:36,385 [INFO] Start updating DB...
2023-08-05 01:11:42,817 [INFO] Server stop
2023-08-05 02:25:01,079 [INFO] Server start
Interval: 5
ServerBD: localhost:3307
ServerREST: localhost:8080/api
Username: root
Password: ****
DB_NAME: BK
Table_name: ip
Table_name_whois: whois
2023-08-05 02:25:06,105 [INFO] Start updating DB...
2023-08-05 02:25:09,512 [INFO] Request get_hostname_history received
2023-08-05 02:25:09,521 [INFO] Function was called to get history by hostname
2023-08-05 02:25:09,653 [INFO] Function was called to get history by hostname
2023-08-05 02:25:09,729 [INFO] Function was called to get history by hostname
2023-08-05 02:25:15,137 [INFO] Server stop
2023-08-05 02:27:09,929 [INFO] Server start
Interval: 5
ServerBD: localhost:3307
ServerREST: localhost:8080/api
Username: root
Password: ****
DB_NAME: BK
Table_name: ip
Table_name_whois: whois
2023-08-05 02:27:11,926 [INFO] Start updating DB...
2023-08-05 02:27:16,643 [INFO] Server stop
2023-08-05 02:30:14,978 [INFO] Server start
Interval: 5
ServerBD: localhost:3307
ServerREST: localhost:8080/api
Username: root
Password: ****
DB_NAME: BK
Table_name: ip
Table_name_whois: whois
2023-08-05 02:30:17,505 [INFO] Start updating DB...
2023-08-05 02:30:21,230 [INFO] Server stop
